<?xml version="1.0" encoding="UTF-8"?>
<!-- Generated by org.testng.reporters.JUnitReportReporter -->
<testsuite skipped="0" hostname="DESKTOP-IQ6DGSE" name="com.qa.opencart.tests.LoginPageTest" tests="3" failures="0" timestamp="2022-10-12T05:49:36 PDT" time="7.671" errors="0">
  <testcase name="loginPageNavigationTest" time="2.514" classname="com.qa.opencart.tests.LoginPageTest"/>
  <system-out/>
  <testcase name="forgorPwdLinkExistTest" time="0.838" classname="com.qa.opencart.tests.LoginPageTest"/>
  <system-out/>
  <testcase name="appLoginTest" time="4.319" classname="com.qa.opencart.tests.LoginPageTest"/>
  <system-out/>
</testsuite> <!-- com.qa.opencart.tests.LoginPageTest -->
