<?xml version="1.0" encoding="UTF-8"?>
<!-- Generated by org.testng.reporters.JUnitReportReporter -->
<testsuite skipped="0" hostname="DESKTOP-IQ6DGSE" name="com.qa.opencart.tests.HomePageTest" tests="5" failures="0" timestamp="2022-10-12T05:49:36 PDT" time="7.354" errors="0">
  <testcase name="homePageUrlTest" time="0.028" classname="com.qa.opencart.tests.HomePageTest"/>
  <system-out/>
  <testcase name="searchTest" time="1.809" classname="com.qa.opencart.tests.HomePageTest"/>
  <system-out/>
  <testcase name="homePageTitleTest" time="0.186" classname="com.qa.opencart.tests.HomePageTest"/>
  <system-out/>
  <testcase name="searchTest" time="2.525" classname="com.qa.opencart.tests.HomePageTest"/>
  <system-out/>
  <testcase name="searchTest" time="2.806" classname="com.qa.opencart.tests.HomePageTest"/>
  <system-out/>
</testsuite> <!-- com.qa.opencart.tests.HomePageTest -->
